2023-12-31 11:48:35.100 [info] Validating found git in: git
2023-12-31 11:48:35.100 [info] Using git 2.7.4 from git
2023-12-31 11:48:35.100 [info] > git rev-parse --show-toplevel [4ms]
2023-12-31 11:48:35.100 [info] > git rev-parse --git-dir --git-common-dir [1ms]
2023-12-31 11:48:35.100 [info] Log level: Info
2023-12-31 11:48:35.100 [info] Open repository: /root/capsule
2023-12-31 11:48:35.100 [info] > git status -z -uall [9ms]
2023-12-31 11:48:35.100 [info] > git remote --verbose [13ms]
2023-12-31 11:48:35.100 [info] > git for-each-ref --sort -committerdate --format %(refname) %(objectname) %(*objectname) [17ms]
2023-12-31 11:48:35.100 [info] > git config --get commit.template [4ms]
2023-12-31 11:48:35.100 [info] > git rev-parse --show-toplevel [9ms]
2023-12-31 11:48:35.100 [info] > git rev-parse --show-toplevel [1ms]
2023-12-31 11:48:35.100 [info] > git rev-parse --show-toplevel [4ms]
2023-12-31 11:48:35.100 [info] > git for-each-ref --format=%(refname)%00%(upstream:short)%00%(objectname)%00%(upstream:track) refs/heads/master refs/remotes/master [5ms]
2023-12-31 11:48:35.100 [info] > git status -z -uall [4ms]
2023-12-31 11:48:35.100 [info] > git remote --verbose [7ms]
2023-12-31 11:48:35.100 [info] > git for-each-ref --sort -committerdate --format %(refname) %(objectname) %(*objectname) [11ms]
2023-12-31 11:48:35.100 [info] > git rev-parse --show-toplevel [20ms]
2023-12-31 11:48:35.100 [info] > git config --get commit.template [4ms]
2023-12-31 11:48:35.100 [info] > git for-each-ref --format=%(refname)%00%(upstream:short)%00%(objectname)%00%(upstream:track) refs/heads/master refs/remotes/master [1ms]
2023-12-31 11:48:35.100 [info] > git check-ignore -v -z --stdin [1ms]
2023-12-31 11:48:35.100 [info] > git status -z -uall [5ms]
2023-12-31 11:48:35.100 [info] > git remote --verbose [9ms]
2023-12-31 11:48:35.100 [info] > git for-each-ref --sort -committerdate --format %(refname) %(objectname) %(*objectname) [14ms]
2023-12-31 11:48:35.100 [info] > git config --get commit.template [2ms]
2023-12-31 11:48:35.100 [info] > git for-each-ref --format=%(refname)%00%(upstream:short)%00%(objectname)%00%(upstream:track) refs/heads/master refs/remotes/master [2ms]
2023-12-31 11:48:35.100 [info] > git check-ignore -v -z --stdin [1ms]
2023-12-31 11:48:38.836 [info] > git status -z -uall [4ms]
2023-12-31 11:48:38.837 [info] > git remote --verbose [8ms]
2023-12-31 11:48:38.837 [info] > git for-each-ref --sort -committerdate --format %(refname) %(objectname) %(*objectname) [13ms]
2023-12-31 11:48:38.839 [info] > git config --get commit.template [3ms]
2023-12-31 11:48:38.844 [info] > git for-each-ref --format=%(refname)%00%(upstream:short)%00%(objectname)%00%(upstream:track) refs/heads/master refs/remotes/master [1ms]
2023-12-31 11:48:43.864 [info] > git status -z -uall [5ms]
2023-12-31 11:48:43.865 [info] > git remote --verbose [9ms]
2023-12-31 11:48:43.866 [info] > git for-each-ref --sort -committerdate --format %(refname) %(objectname) %(*objectname) [14ms]
2023-12-31 11:48:43.867 [info] > git config --get commit.template [4ms]
2023-12-31 11:48:43.873 [info] > git for-each-ref --format=%(refname)%00%(upstream:short)%00%(objectname)%00%(upstream:track) refs/heads/master refs/remotes/master [1ms]
2023-12-31 11:48:44.734 [info] > git show --textconv :code/BCTool.h [4ms]
2023-12-31 11:48:44.736 [info] > git ls-files --stage -- /root/capsule/code/BCTool.h [1ms]
2023-12-31 11:48:44.741 [info] > git cat-file -s c323108dea27a7e13f0f813a7c1729227c97e399 [1ms]
2023-12-31 11:48:48.894 [info] > git status -z -uall [5ms]
2023-12-31 11:48:48.895 [info] > git remote --verbose [9ms]
2023-12-31 11:48:48.895 [info] > git for-each-ref --sort -committerdate --format %(refname) %(objectname) %(*objectname) [13ms]
2023-12-31 11:48:48.897 [info] > git config --get commit.template [3ms]
2023-12-31 11:48:48.902 [info] > git for-each-ref --format=%(refname)%00%(upstream:short)%00%(objectname)%00%(upstream:track) refs/heads/master refs/remotes/master [1ms]
2023-12-31 11:48:53.920 [info] > git status -z -uall [4ms]
2023-12-31 11:48:53.920 [info] > git remote --verbose [8ms]
2023-12-31 11:48:53.921 [info] > git for-each-ref --sort -committerdate --format %(refname) %(objectname) %(*objectname) [12ms]
2023-12-31 11:48:53.922 [info] > git config --get commit.template [3ms]
2023-12-31 11:48:53.927 [info] > git for-each-ref --format=%(refname)%00%(upstream:short)%00%(objectname)%00%(upstream:track) refs/heads/master refs/remotes/master [2ms]
2023-12-31 11:48:58.945 [info] > git status -z -uall [4ms]
2023-12-31 11:48:58.946 [info] > git remote --verbose [8ms]
2023-12-31 11:48:58.946 [info] > git for-each-ref --sort -committerdate --format %(refname) %(objectname) %(*objectname) [12ms]
2023-12-31 11:48:58.947 [info] > git config --get commit.template [3ms]
2023-12-31 11:48:58.952 [info] > git for-each-ref --format=%(refname)%00%(upstream:short)%00%(objectname)%00%(upstream:track) refs/heads/master refs/remotes/master [1ms]
2023-12-31 11:49:03.973 [info] > git status -z -uall [5ms]
2023-12-31 11:49:03.974 [info] > git remote --verbose [9ms]
2023-12-31 11:49:03.974 [info] > git for-each-ref --sort -committerdate --format %(refname) %(objectname) %(*objectname) [14ms]
2023-12-31 11:49:03.976 [info] > git config --get commit.template [2ms]
2023-12-31 11:49:03.981 [info] > git for-each-ref --format=%(refname)%00%(upstream:short)%00%(objectname)%00%(upstream:track) refs/heads/master refs/remotes/master [2ms]
2023-12-31 11:49:09.000 [info] > git status -z -uall [5ms]
2023-12-31 11:49:09.001 [info] > git remote --verbose [8ms]
2023-12-31 11:49:09.001 [info] > git for-each-ref --sort -committerdate --format %(refname) %(objectname) %(*objectname) [13ms]
2023-12-31 11:49:09.002 [info] > git config --get commit.template [2ms]
2023-12-31 11:49:09.009 [info] > git for-each-ref --format=%(refname)%00%(upstream:short)%00%(objectname)%00%(upstream:track) refs/heads/master refs/remotes/master [1ms]
2023-12-31 11:49:11.555 [info] > git show --textconv :code/run.sh [5ms]
2023-12-31 11:49:11.557 [info] > git ls-files --stage -- /root/capsule/code/run.sh [2ms]
2023-12-31 11:49:11.562 [info] > git cat-file -s e27ff78207b28476752d9ce6cc99f44470ca12e5 [1ms]
2023-12-31 11:49:14.028 [info] > git status -z -uall [5ms]
2023-12-31 11:49:14.029 [info] > git remote --verbose [8ms]
2023-12-31 11:49:14.029 [info] > git for-each-ref --sort -committerdate --format %(refname) %(objectname) %(*objectname) [13ms]
2023-12-31 11:49:14.031 [info] > git config --get commit.template [2ms]
2023-12-31 11:49:14.037 [info] > git for-each-ref --format=%(refname)%00%(upstream:short)%00%(objectname)%00%(upstream:track) refs/heads/master refs/remotes/master [1ms]
2023-12-31 11:49:19.056 [info] > git status -z -uall [5ms]
2023-12-31 11:49:19.057 [info] > git remote --verbose [9ms]
2023-12-31 11:49:19.058 [info] > git for-each-ref --sort -committerdate --format %(refname) %(objectname) %(*objectname) [13ms]
2023-12-31 11:49:19.059 [info] > git config --get commit.template [3ms]
2023-12-31 11:49:19.065 [info] > git for-each-ref --format=%(refname)%00%(upstream:short)%00%(objectname)%00%(upstream:track) refs/heads/master refs/remotes/master [1ms]
2023-12-31 11:49:26.939 [info] > git status -z -uall [5ms]
2023-12-31 11:49:26.940 [info] > git remote --verbose [9ms]
2023-12-31 11:49:26.940 [info] > git for-each-ref --sort -committerdate --format %(refname) %(objectname) %(*objectname) [15ms]
2023-12-31 11:49:26.941 [info] > git config --get commit.template [3ms]
2023-12-31 11:49:26.947 [info] > git for-each-ref --format=%(refname)%00%(upstream:short)%00%(objectname)%00%(upstream:track) refs/heads/master refs/remotes/master [1ms]
2023-12-31 11:49:31.966 [info] > git status -z -uall [6ms]
2023-12-31 11:49:31.967 [info] > git remote --verbose [9ms]
2023-12-31 11:49:31.967 [info] > git for-each-ref --sort -committerdate --format %(refname) %(objectname) %(*objectname) [14ms]
2023-12-31 11:49:31.968 [info] > git config --get commit.template [4ms]
2023-12-31 11:49:31.974 [info] > git for-each-ref --format=%(refname)%00%(upstream:short)%00%(objectname)%00%(upstream:track) refs/heads/master refs/remotes/master [1ms]
2023-12-31 11:49:36.992 [info] > git status -z -uall [4ms]
2023-12-31 11:49:36.993 [info] > git remote --verbose [7ms]
2023-12-31 11:49:36.993 [info] > git for-each-ref --sort -committerdate --format %(refname) %(objectname) %(*objectname) [11ms]
2023-12-31 11:49:36.994 [info] > git config --get commit.template [2ms]
2023-12-31 11:49:37.000 [info] > git for-each-ref --format=%(refname)%00%(upstream:short)%00%(objectname)%00%(upstream:track) refs/heads/master refs/remotes/master [1ms]
2023-12-31 11:49:42.018 [info] > git status -z -uall [4ms]
2023-12-31 11:49:42.019 [info] > git remote --verbose [8ms]
2023-12-31 11:49:42.019 [info] > git for-each-ref --sort -committerdate --format %(refname) %(objectname) %(*objectname) [13ms]
2023-12-31 11:49:42.020 [info] > git config --get commit.template [3ms]
2023-12-31 11:49:42.026 [info] > git for-each-ref --format=%(refname)%00%(upstream:short)%00%(objectname)%00%(upstream:track) refs/heads/master refs/remotes/master [1ms]
2023-12-31 11:49:47.045 [info] > git status -z -uall [4ms]
2023-12-31 11:49:47.046 [info] > git remote --verbose [9ms]
2023-12-31 11:49:47.047 [info] > git for-each-ref --sort -committerdate --format %(refname) %(objectname) %(*objectname) [12ms]
2023-12-31 11:49:47.047 [info] > git config --get commit.template [2ms]
2023-12-31 11:49:47.054 [info] > git for-each-ref --format=%(refname)%00%(upstream:short)%00%(objectname)%00%(upstream:track) refs/heads/master refs/remotes/master [1ms]
2023-12-31 11:49:52.072 [info] > git status -z -uall [4ms]
2023-12-31 11:49:52.072 [info] > git remote --verbose [8ms]
2023-12-31 11:49:52.073 [info] > git for-each-ref --sort -committerdate --format %(refname) %(objectname) %(*objectname) [12ms]
2023-12-31 11:49:52.074 [info] > git config --get commit.template [2ms]
2023-12-31 11:49:52.079 [info] > git for-each-ref --format=%(refname)%00%(upstream:short)%00%(objectname)%00%(upstream:track) refs/heads/master refs/remotes/master [1ms]
2023-12-31 11:49:57.097 [info] > git status -z -uall [4ms]
2023-12-31 11:49:57.098 [info] > git remote --verbose [8ms]
2023-12-31 11:49:57.098 [info] > git for-each-ref --sort -committerdate --format %(refname) %(objectname) %(*objectname) [12ms]
2023-12-31 11:49:57.100 [info] > git config --get commit.template [3ms]
2023-12-31 11:49:57.106 [info] > git for-each-ref --format=%(refname)%00%(upstream:short)%00%(objectname)%00%(upstream:track) refs/heads/master refs/remotes/master [1ms]
2023-12-31 11:50:02.124 [info] > git status -z -uall [4ms]
2023-12-31 11:50:02.124 [info] > git remote --verbose [8ms]
2023-12-31 11:50:02.125 [info] > git for-each-ref --sort -committerdate --format %(refname) %(objectname) %(*objectname) [12ms]
2023-12-31 11:50:02.125 [info] > git config --get commit.template [2ms]
2023-12-31 11:50:02.131 [info] > git for-each-ref --format=%(refname)%00%(upstream:short)%00%(objectname)%00%(upstream:track) refs/heads/master refs/remotes/master [1ms]
2023-12-31 11:50:07.151 [info] > git status -z -uall [4ms]
2023-12-31 11:50:07.152 [info] > git remote --verbose [9ms]
2023-12-31 11:50:07.152 [info] > git for-each-ref --sort -committerdate --format %(refname) %(objectname) %(*objectname) [13ms]
2023-12-31 11:50:07.153 [info] > git config --get commit.template [2ms]
2023-12-31 11:50:07.159 [info] > git for-each-ref --format=%(refname)%00%(upstream:short)%00%(objectname)%00%(upstream:track) refs/heads/master refs/remotes/master [2ms]
2023-12-31 11:50:12.178 [info] > git status -z -uall [4ms]
2023-12-31 11:50:12.179 [info] > git remote --verbose [8ms]
2023-12-31 11:50:12.179 [info] > git for-each-ref --sort -committerdate --format %(refname) %(objectname) %(*objectname) [13ms]
2023-12-31 11:50:12.180 [info] > git config --get commit.template [2ms]
2023-12-31 11:50:12.187 [info] > git for-each-ref --format=%(refname)%00%(upstream:short)%00%(objectname)%00%(upstream:track) refs/heads/master refs/remotes/master [2ms]
2023-12-31 11:50:17.206 [info] > git status -z -uall [4ms]
2023-12-31 11:50:17.207 [info] > git remote --verbose [9ms]
2023-12-31 11:50:17.207 [info] > git for-each-ref --sort -committerdate --format %(refname) %(objectname) %(*objectname) [13ms]
2023-12-31 11:50:17.208 [info] > git config --get commit.template [2ms]
2023-12-31 11:50:17.214 [info] > git for-each-ref --format=%(refname)%00%(upstream:short)%00%(objectname)%00%(upstream:track) refs/heads/master refs/remotes/master [1ms]
2023-12-31 11:50:21.668 [info] > git check-ignore -v -z --stdin [1ms]
2023-12-31 11:50:22.232 [info] > git status -z -uall [5ms]
2023-12-31 11:50:22.233 [info] > git remote --verbose [8ms]
2023-12-31 11:50:22.233 [info] > git for-each-ref --sort -committerdate --format %(refname) %(objectname) %(*objectname) [13ms]
2023-12-31 11:50:22.234 [info] > git config --get commit.template [2ms]
2023-12-31 11:50:22.239 [info] > git for-each-ref --format=%(refname)%00%(upstream:short)%00%(objectname)%00%(upstream:track) refs/heads/master refs/remotes/master [1ms]
2023-12-31 11:50:27.257 [info] > git status -z -uall [4ms]
2023-12-31 11:50:27.257 [info] > git remote --verbose [8ms]
2023-12-31 11:50:27.258 [info] > git for-each-ref --sort -committerdate --format %(refname) %(objectname) %(*objectname) [12ms]
2023-12-31 11:50:27.259 [info] > git config --get commit.template [3ms]
2023-12-31 11:50:27.265 [info] > git for-each-ref --format=%(refname)%00%(upstream:short)%00%(objectname)%00%(upstream:track) refs/heads/master refs/remotes/master [1ms]
2023-12-31 11:50:32.283 [info] > git status -z -uall [4ms]
2023-12-31 11:50:32.285 [info] > git remote --verbose [9ms]
2023-12-31 11:50:32.285 [info] > git for-each-ref --sort -committerdate --format %(refname) %(objectname) %(*objectname) [13ms]
2023-12-31 11:50:32.286 [info] > git config --get commit.template [2ms]
2023-12-31 11:50:32.291 [info] > git for-each-ref --format=%(refname)%00%(upstream:short)%00%(objectname)%00%(upstream:track) refs/heads/master refs/remotes/master [1ms]
2023-12-31 11:50:37.310 [info] > git status -z -uall [5ms]
2023-12-31 11:50:37.310 [info] > git remote --verbose [8ms]
2023-12-31 11:50:37.311 [info] > git for-each-ref --sort -committerdate --format %(refname) %(objectname) %(*objectname) [12ms]
2023-12-31 11:50:37.311 [info] > git config --get commit.template [2ms]
2023-12-31 11:50:37.317 [info] > git for-each-ref --format=%(refname)%00%(upstream:short)%00%(objectname)%00%(upstream:track) refs/heads/master refs/remotes/master [2ms]
2023-12-31 11:50:42.335 [info] > git status -z -uall [5ms]
2023-12-31 11:50:42.335 [info] > git remote --verbose [8ms]
2023-12-31 11:50:42.336 [info] > git for-each-ref --sort -committerdate --format %(refname) %(objectname) %(*objectname) [12ms]
2023-12-31 11:50:42.336 [info] > git config --get commit.template [2ms]
2023-12-31 11:50:42.342 [info] > git for-each-ref --format=%(refname)%00%(upstream:short)%00%(objectname)%00%(upstream:track) refs/heads/master refs/remotes/master [1ms]
2023-12-31 11:50:47.361 [info] > git status -z -uall [4ms]
2023-12-31 11:50:47.362 [info] > git remote --verbose [8ms]
2023-12-31 11:50:47.363 [info] > git for-each-ref --sort -committerdate --format %(refname) %(objectname) %(*objectname) [12ms]
2023-12-31 11:50:47.363 [info] > git config --get commit.template [2ms]
2023-12-31 11:50:47.370 [info] > git for-each-ref --format=%(refname)%00%(upstream:short)%00%(objectname)%00%(upstream:track) refs/heads/master refs/remotes/master [1ms]
2023-12-31 11:50:52.388 [info] > git status -z -uall [4ms]
2023-12-31 11:50:52.389 [info] > git remote --verbose [8ms]
2023-12-31 11:50:52.389 [info] > git for-each-ref --sort -committerdate --format %(refname) %(objectname) %(*objectname) [13ms]
2023-12-31 11:50:52.390 [info] > git config --get commit.template [3ms]
2023-12-31 11:50:52.395 [info] > git for-each-ref --format=%(refname)%00%(upstream:short)%00%(objectname)%00%(upstream:track) refs/heads/master refs/remotes/master [1ms]
2023-12-31 11:50:58.862 [info] > git status -z -uall [4ms]
2023-12-31 11:50:58.863 [info] > git remote --verbose [9ms]
2023-12-31 11:50:58.863 [info] > git for-each-ref --sort -committerdate --format %(refname) %(objectname) %(*objectname) [13ms]
2023-12-31 11:50:58.864 [info] > git config --get commit.template [2ms]
2023-12-31 11:50:58.869 [info] > git for-each-ref --format=%(refname)%00%(upstream:short)%00%(objectname)%00%(upstream:track) refs/heads/master refs/remotes/master [1ms]
2023-12-31 11:51:03.888 [info] > git status -z -uall [4ms]
2023-12-31 11:51:03.889 [info] > git remote --verbose [8ms]
2023-12-31 11:51:03.889 [info] > git for-each-ref --sort -committerdate --format %(refname) %(objectname) %(*objectname) [12ms]
2023-12-31 11:51:03.890 [info] > git config --get commit.template [1ms]
2023-12-31 11:51:03.895 [info] > git for-each-ref --format=%(refname)%00%(upstream:short)%00%(objectname)%00%(upstream:track) refs/heads/master refs/remotes/master [1ms]
2023-12-31 11:51:08.913 [info] > git status -z -uall [5ms]
2023-12-31 11:51:08.914 [info] > git remote --verbose [8ms]
2023-12-31 11:51:08.914 [info] > git for-each-ref --sort -committerdate --format %(refname) %(objectname) %(*objectname) [13ms]
2023-12-31 11:51:08.915 [info] > git config --get commit.template [3ms]
2023-12-31 11:51:08.920 [info] > git for-each-ref --format=%(refname)%00%(upstream:short)%00%(objectname)%00%(upstream:track) refs/heads/master refs/remotes/master [1ms]
2023-12-31 11:51:13.939 [info] > git status -z -uall [4ms]
2023-12-31 11:51:13.940 [info] > git remote --verbose [8ms]
2023-12-31 11:51:13.940 [info] > git for-each-ref --sort -committerdate --format %(refname) %(objectname) %(*objectname) [12ms]
2023-12-31 11:51:13.942 [info] > git config --get commit.template [2ms]
2023-12-31 11:51:13.947 [info] > git for-each-ref --format=%(refname)%00%(upstream:short)%00%(objectname)%00%(upstream:track) refs/heads/master refs/remotes/master [1ms]
2023-12-31 11:51:18.966 [info] > git status -z -uall [4ms]
2023-12-31 11:51:18.966 [info] > git remote --verbose [8ms]
2023-12-31 11:51:18.968 [info] > git for-each-ref --sort -committerdate --format %(refname) %(objectname) %(*objectname) [12ms]
2023-12-31 11:51:18.968 [info] > git config --get commit.template [3ms]
2023-12-31 11:51:18.974 [info] > git for-each-ref --format=%(refname)%00%(upstream:short)%00%(objectname)%00%(upstream:track) refs/heads/master refs/remotes/master [2ms]
2023-12-31 11:51:23.991 [info] > git status -z -uall [4ms]
2023-12-31 11:51:23.992 [info] > git remote --verbose [8ms]
2023-12-31 11:51:23.992 [info] > git for-each-ref --sort -committerdate --format %(refname) %(objectname) %(*objectname) [12ms]
2023-12-31 11:51:23.993 [info] > git config --get commit.template [2ms]
2023-12-31 11:51:23.999 [info] > git for-each-ref --format=%(refname)%00%(upstream:short)%00%(objectname)%00%(upstream:track) refs/heads/master refs/remotes/master [2ms]
2023-12-31 11:51:29.020 [info] > git status -z -uall [5ms]
2023-12-31 11:51:29.021 [info] > git remote --verbose [9ms]
2023-12-31 11:51:29.021 [info] > git for-each-ref --sort -committerdate --format %(refname) %(objectname) %(*objectname) [14ms]
2023-12-31 11:51:29.022 [info] > git config --get commit.template [3ms]
2023-12-31 11:51:29.028 [info] > git for-each-ref --format=%(refname)%00%(upstream:short)%00%(objectname)%00%(upstream:track) refs/heads/master refs/remotes/master [1ms]
2023-12-31 11:51:34.046 [info] > git status -z -uall [5ms]
2023-12-31 11:51:34.046 [info] > git remote --verbose [8ms]
2023-12-31 11:51:34.047 [info] > git for-each-ref --sort -committerdate --format %(refname) %(objectname) %(*objectname) [13ms]
2023-12-31 11:51:34.047 [info] > git config --get commit.template [2ms]
2023-12-31 11:51:34.053 [info] > git for-each-ref --format=%(refname)%00%(upstream:short)%00%(objectname)%00%(upstream:track) refs/heads/master refs/remotes/master [2ms]
2023-12-31 11:51:39.072 [info] > git status -z -uall [4ms]
2023-12-31 11:51:39.073 [info] > git remote --verbose [9ms]
2023-12-31 11:51:39.073 [info] > git for-each-ref --sort -committerdate --format %(refname) %(objectname) %(*objectname) [12ms]
2023-12-31 11:51:39.074 [info] > git config --get commit.template [2ms]
2023-12-31 11:51:39.080 [info] > git for-each-ref --format=%(refname)%00%(upstream:short)%00%(objectname)%00%(upstream:track) refs/heads/master refs/remotes/master [2ms]
2023-12-31 11:51:44.099 [info] > git status -z -uall [5ms]
2023-12-31 11:51:44.100 [info] > git remote --verbose [9ms]
2023-12-31 11:51:44.100 [info] > git for-each-ref --sort -committerdate --format %(refname) %(objectname) %(*objectname) [13ms]
2023-12-31 11:51:44.101 [info] > git config --get commit.template [1ms]
2023-12-31 11:51:44.106 [info] > git for-each-ref --format=%(refname)%00%(upstream:short)%00%(objectname)%00%(upstream:track) refs/heads/master refs/remotes/master [1ms]
2023-12-31 11:51:49.127 [info] > git status -z -uall [5ms]
2023-12-31 11:51:49.128 [info] > git remote --verbose [9ms]
2023-12-31 11:51:49.128 [info] > git for-each-ref --sort -committerdate --format %(refname) %(objectname) %(*objectname) [13ms]
2023-12-31 11:51:49.129 [info] > git config --get commit.template [3ms]
2023-12-31 11:51:49.137 [info] > git for-each-ref --format=%(refname)%00%(upstream:short)%00%(objectname)%00%(upstream:track) refs/heads/master refs/remotes/master [2ms]
2023-12-31 11:51:52.074 [info] > git check-ignore -v -z --stdin [1ms]
2023-12-31 11:51:54.595 [info] > git check-ignore -v -z --stdin [1ms]
2023-12-31 11:52:05.753 [info] > git status -z -uall [4ms]
2023-12-31 11:52:05.754 [info] > git remote --verbose [8ms]
2023-12-31 11:52:05.755 [info] > git for-each-ref --sort -committerdate --format %(refname) %(objectname) %(*objectname) [12ms]
2023-12-31 11:52:05.756 [info] > git config --get commit.template [3ms]
2023-12-31 11:52:05.762 [info] > git for-each-ref --format=%(refname)%00%(upstream:short)%00%(objectname)%00%(upstream:track) refs/heads/master refs/remotes/master [1ms]
2023-12-31 11:52:06.907 [info] > git check-ignore -v -z --stdin [1ms]
2023-12-31 11:52:09.108 [info] > git show --textconv :code/output/md.dat [5ms]
2023-12-31 11:52:09.110 [info] > git ls-files --stage -- /root/capsule/code/output/md.dat [2ms]
2023-12-31 11:52:10.782 [info] > git status -z -uall [5ms]
2023-12-31 11:52:10.782 [info] > git remote --verbose [8ms]
2023-12-31 11:52:10.783 [info] > git for-each-ref --sort -committerdate --format %(refname) %(objectname) %(*objectname) [13ms]
2023-12-31 11:52:10.783 [info] > git config --get commit.template [2ms]
2023-12-31 11:52:10.789 [info] > git for-each-ref --format=%(refname)%00%(upstream:short)%00%(objectname)%00%(upstream:track) refs/heads/master refs/remotes/master [2ms]
2023-12-31 11:52:11.585 [info] > git show --textconv :code/run.sh [5ms]
2023-12-31 11:52:11.586 [info] > git ls-files --stage -- /root/capsule/code/run.sh [2ms]
2023-12-31 11:52:11.592 [info] > git cat-file -s e27ff78207b28476752d9ce6cc99f44470ca12e5 [1ms]
2023-12-31 11:52:15.808 [info] > git status -z -uall [4ms]
2023-12-31 11:52:15.809 [info] > git remote --verbose [8ms]
2023-12-31 11:52:15.809 [info] > git for-each-ref --sort -committerdate --format %(refname) %(objectname) %(*objectname) [13ms]
2023-12-31 11:52:15.810 [info] > git config --get commit.template [3ms]
2023-12-31 11:52:15.816 [info] > git for-each-ref --format=%(refname)%00%(upstream:short)%00%(objectname)%00%(upstream:track) refs/heads/master refs/remotes/master [2ms]
2023-12-31 11:52:20.835 [info] > git status -z -uall [5ms]
2023-12-31 11:52:20.835 [info] > git remote --verbose [8ms]
2023-12-31 11:52:20.836 [info] > git for-each-ref --sort -committerdate --format %(refname) %(objectname) %(*objectname) [12ms]
2023-12-31 11:52:20.837 [info] > git config --get commit.template [3ms]
2023-12-31 11:52:20.844 [info] > git for-each-ref --format=%(refname)%00%(upstream:short)%00%(objectname)%00%(upstream:track) refs/heads/master refs/remotes/master [1ms]
